This is pdfTeX, Version 3.14159265-2.6-1.40.20 (TeX Live 2019/Debian) (preloaded format=pdflatex 2022.2.9)  10 DEC 2022 13:44
entering extended mode
 restricted \write18 enabled.
 %&-line parsing enabled.
**diploma.tex
(./diploma.tex
LaTeX2e <2020-02-02> patch level 2
L3 programming layer <2020-02-14>
(/usr/share/texlive/texmf-dist/tex/latex/base/report.cls
Document Class: report 2019/12/20 v1.4l Standard LaTeX document class
(/usr/share/texlive/texmf-dist/tex/latex/base/size11.clo
File: size11.clo 2019/12/20 v1.4l Standard LaTeX file (size option)
)
\c@part=\count167
\c@chapter=\count168
\c@section=\count169
\c@subsection=\count170
\c@subsubsection=\count171
\c@paragraph=\count172
\c@subparagraph=\count173
\c@figure=\count174
\c@table=\count175
\abovecaptionskip=\skip47
\belowcaptionskip=\skip48
\bibindent=\dimen134
)
(/usr/share/texlive/texmf-dist/tex/latex/base/t1enc.sty
Package: t1enc 1994/06/01 Standard LaTeX package
)
(/usr/share/texlive/texmf-dist/tex/latex/base/inputenc.sty
Package: inputenc 2018/08/11 v1.3c Input encoding file
\inpenc@prehook=\toks14
\inpenc@posthook=\toks15

(/usr/share/texlive/texmf-dist/tex/latex/base/latin2.def
File: latin2.def 2018/08/11 v1.3c Input encoding file
))
(/usr/share/texlive/texmf-dist/tex/latex/amsmath/amsmath.sty
Package: amsmath 2020/01/20 v2.17e AMS math features
\@mathmargin=\skip49

For additional information on amsmath, use the `?' option.
(/usr/share/texlive/texmf-dist/tex/latex/amsmath/amstext.sty
Package: amstext 2000/06/29 v2.01 AMS text

(/usr/share/texlive/texmf-dist/tex/latex/amsmath/amsgen.sty
File: amsgen.sty 1999/11/30 v2.0 generic functions
\@emptytoks=\toks16
\ex@=\dimen135
))
(/usr/share/texlive/texmf-dist/tex/latex/amsmath/amsbsy.sty
Package: amsbsy 1999/11/29 v1.2d Bold Symbols
\pmbraise@=\dimen136
)
(/usr/share/texlive/texmf-dist/tex/latex/amsmath/amsopn.sty
Package: amsopn 2016/03/08 v2.02 operator names
)
\inf@bad=\count176
LaTeX Info: Redefining \frac on input line 227.
\uproot@=\count177
\leftroot@=\count178
LaTeX Info: Redefining \overline on input line 389.
\classnum@=\count179
\DOTSCASE@=\count180
LaTeX Info: Redefining \ldots on input line 486.
LaTeX Info: Redefining \dots on input line 489.
LaTeX Info: Redefining \cdots on input line 610.
\Mathstrutbox@=\box45
\strutbox@=\box46
\big@size=\dimen137
LaTeX Font Info:    Redeclaring font encoding OML on input line 733.
LaTeX Font Info:    Redeclaring font encoding OMS on input line 734.
\macc@depth=\count181
\c@MaxMatrixCols=\count182
\dotsspace@=\muskip16
\c@parentequation=\count183
\dspbrk@lvl=\count184
\tag@help=\toks17
\row@=\count185
\column@=\count186
\maxfields@=\count187
\andhelp@=\toks18
\eqnshift@=\dimen138
\alignsep@=\dimen139
\tagshift@=\dimen140
\tagwidth@=\dimen141
\totwidth@=\dimen142
\lineht@=\dimen143
\@envbody=\toks19
\multlinegap=\skip50
\multlinetaggap=\skip51
\mathdisplay@stack=\toks20
LaTeX Info: Redefining \[ on input line 2859.
LaTeX Info: Redefining \] on input line 2860.
)
(/usr/share/texlive/texmf-dist/tex/latex/amsfonts/amssymb.sty
Package: amssymb 2013/01/14 v3.01 AMS font symbols

(/usr/share/texlive/texmf-dist/tex/latex/amsfonts/amsfonts.sty
Package: amsfonts 2013/01/14 v3.01 Basic AMSFonts support
\symAMSa=\mathgroup4
\symAMSb=\mathgroup5
LaTeX Font Info:    Redeclaring math symbol \hbar on input line 98.
LaTeX Font Info:    Overwriting math alphabet `\mathfrak' in version `bold'
(Font)                  U/euf/m/n --> U/euf/b/n on input line 106.
))
(/usr/share/texlive/texmf-dist/tex/latex/tools/enumerate.sty
Package: enumerate 2015/07/23 v3.00 enumerate extensions (DPC)
\@enLab=\toks21
)
(/usr/share/texlive/texmf-dist/tex/latex/ntheorem/ntheorem.sty
Style `ntheorem', Version 1.33 <2011/08/15>
Package: ntheorem 2011/08/15 1.33
(/usr/share/texlive/texmf-dist/tex/latex/base/ifthen.sty
Package: ifthen 2014/09/29 v1.1c Standard LaTeX ifthen package (DPC)
)
\theorem@style=\toks22
\theorem@@style=\toks23
\theorembodyfont=\toks24
\theoremnumbering=\toks25
\theorempreskipamount=\skip52
\theorempostskipamount=\skip53
\theoremframepreskipamount=\skip54
\theoremframepostskipamount=\skip55
\theoreminframepreskipamount=\skip56
\theoreminframepostskipamount=\skip57
\theorem@preskip=\toks26
\theorem@postskip=\toks27
\theorem@framepreskip=\toks28
\theorem@framepostskip=\toks29
\theorem@inframepreskip=\toks30
\theorem@inframepostskip=\toks31
\theoremindent=\dimen144
\theorem@indent=\dimen145
\theoremrightindent=\dimen146
\theorem@rightindent=\dimen147
\theoremheaderfont=\toks32
\theoremseparator=\toks33
\theoremprework=\toks34
\theorempostwork=\toks35
\theoremsymbol=\toks36
\qedsymbol=\toks37
\theoremkeyword=\toks38
\qedsymbol=\toks39
\thm@topsep=\skip58
\thm@topsepadd=\skip59
Package ntheorem Info: Option `thmmarks' loaded on input line 1175.
\c@endNonectr=\count188
\c@currNonectr=\count189
\mysavskip=\skip60
)
(/usr/share/texlive/texmf-dist/tex/latex/graphics/graphics.sty
Package: graphics 2019/11/30 v1.4a Standard LaTeX Graphics (DPC,SPQR)

(/usr/share/texlive/texmf-dist/tex/latex/graphics/trig.sty
Package: trig 2016/01/03 v1.10 sin cos tan (DPC)
)
(/usr/share/texlive/texmf-dist/tex/latex/graphics-cfg/graphics.cfg
File: graphics.cfg 2016/06/04 v1.11 sample graphics configuration
)
Package graphics Info: Driver file: pdftex.def on input line 105.

(/usr/share/texlive/texmf-dist/tex/latex/graphics-def/pdftex.def
File: pdftex.def 2018/01/08 v1.0l Graphics/color driver for pdftex
))
(/usr/share/texlive/texmf-dist/tex/latex/graphics/epsfig.sty
Package: epsfig 2017/06/25 v1.7b (e)psfig emulation (SPQR)

(/usr/share/texlive/texmf-dist/tex/latex/graphics/graphicx.sty
Package: graphicx 2019/11/30 v1.2a Enhanced LaTeX Graphics (DPC,SPQR)

(/usr/share/texlive/texmf-dist/tex/latex/graphics/keyval.sty
Package: keyval 2014/10/28 v1.15 key=value parser (DPC)
\KV@toks@=\toks40
)
\Gin@req@height=\dimen148
\Gin@req@width=\dimen149
)
\epsfxsize=\dimen150
\epsfysize=\dimen151
)
(/usr/share/texlive/texmf-dist/tex/latex/listings/listings.sty
\lst@mode=\count190
\lst@gtempboxa=\box47
\lst@token=\toks41
\lst@length=\count191
\lst@currlwidth=\dimen152
\lst@column=\count192
\lst@pos=\count193
\lst@lostspace=\dimen153
\lst@width=\dimen154
\lst@newlines=\count194
\lst@lineno=\count195
\lst@maxwidth=\dimen155

(/usr/share/texlive/texmf-dist/tex/latex/listings/lstmisc.sty
File: lstmisc.sty 2019/09/10 1.8c (Carsten Heinz)
\c@lstnumber=\count196
\lst@skipnumbers=\count197
\lst@framebox=\box48
)
(/usr/share/texlive/texmf-dist/tex/latex/listings/listings.cfg
File: listings.cfg 2019/09/10 1.8c listings configuration
))
Package: listings 2019/09/10 1.8c (Carsten Heinz)

(/usr/share/texlive/texmf-dist/tex/latex/graphics/color.sty
Package: color 2019/11/23 v1.2a Standard LaTeX Color (DPC)

(/usr/share/texlive/texmf-dist/tex/latex/graphics-cfg/color.cfg
File: color.cfg 2016/01/02 v1.6 sample color configuration
)
Package color Info: Driver file: pdftex.def on input line 147.
)
(/usr/share/texlive/texmf-dist/tex/latex/lastpage/lastpage.sty
Package: lastpage 2015/03/29 v1.2m Refers to last page's name (HMM; JPG)
)
(/usr/share/texlive/texmf-dist/tex/latex/anysize/anysize.sty
Package: anysize 1994/08/13 setting margin sizes

document style option `anysize' loaded
Michael Salzenberg, Thomas Esser, Dirk Hillbrecht
Version 1.0, Aug 13, 1994
\@Leftmargin=\dimen156
\@Rightmargin=\dimen157
\@Topmargin=\dimen158
\@Bottommargin=\dimen159
) (/usr/share/texlive/texmf-dist/tex/generic/babel/babel.sty
Package: babel 2020/02/14 3.40 The Babel package

(/usr/share/texlive/texmf-dist/tex/generic/babel/switch.def
File: switch.def 2020/02/14 3.40 Babel switching mechanism
) (./magyar.ldf
Language: magyar 2007/10/19 v1.5 Magyar support from the babel v3.7 system

(/usr/share/texlive/texmf-dist/tex/generic/babel/babel.def
File: babel.def 2020/02/14 3.40 Babel common definitions
\babel@savecnt=\count198
\U@D=\dimen160

(/usr/share/texlive/texmf-dist/tex/generic/babel/txtbabel.def)
\bbl@readstream=\read2
\bbl@dirlevel=\count199
)
Package babel Info: Making ` an active character on input line 2609.
\c@footnote@add=\count266
\c@footnote@ch=\count267
))
(/usr/share/texlive/texmf-dist/tex/latex/sectsty/sectsty.sty
Package: sectsty 2002/02/25 v2.0.2 Commands to change all sectional heading sty
les


LaTeX Warning: Command \underbar  has changed.
               Check if current package is valid.


LaTeX Warning: Command \underline  has changed.
               Check if current package is valid.

) (/usr/share/texlive/texmf-dist/tex/latex/setspace/setspace.sty
Package: setspace 2011/12/19 v6.7a set line spacing
)
(/usr/share/texlive/texmf-dist/tex/latex/caption/caption.sty
Package: caption 2020/01/03 v3.4h Customizing captions (AR)

(/usr/share/texlive/texmf-dist/tex/latex/caption/caption3.sty
Package: caption3 2020/01/03 v1.8h caption3 kernel (AR)
Package caption3 Info: TeX engine: e-TeX on input line 61.
\captionmargin=\dimen161
\captionmargin@=\dimen162
\captionwidth=\dimen163
\caption@tempdima=\dimen164
\caption@indent=\dimen165
\caption@parindent=\dimen166
\caption@hangindent=\dimen167
Package caption Info: Standard document class detected.
Package caption Info: magyar babel option is loaded.
)
\c@caption@flags=\count268
\c@continuedfloat=\count269
Package caption Info: magyar babel option is loaded.
Package caption Info: listings package is loaded.
)
(/usr/share/texlive/texmf-dist/tex/latex/hyperref/hyperref.sty
Package: hyperref 2020/01/14 v7.00d Hypertext links for LaTeX

(/usr/share/texlive/texmf-dist/tex/generic/ltxcmds/ltxcmds.sty
Package: ltxcmds 2019/12/15 v1.24 LaTeX kernel commands for general use (HO)
)
(/usr/share/texlive/texmf-dist/tex/generic/iftex/iftex.sty
Package: iftex 2019/11/07 v1.0c TeX engine tests
)
(/usr/share/texlive/texmf-dist/tex/latex/pdftexcmds/pdftexcmds.sty
Package: pdftexcmds 2019/11/24 v0.31 Utility functions of pdfTeX for LuaTeX (HO
)

(/usr/share/texlive/texmf-dist/tex/generic/infwarerr/infwarerr.sty
Package: infwarerr 2019/12/03 v1.5 Providing info/warning/error messages (HO)
)
Package pdftexcmds Info: \pdf@primitive is available.
Package pdftexcmds Info: \pdf@ifprimitive is available.
Package pdftexcmds Info: \pdfdraftmode found.
)
(/usr/share/texlive/texmf-dist/tex/generic/kvsetkeys/kvsetkeys.sty
Package: kvsetkeys 2019/12/15 v1.18 Key value parser (HO)
)
(/usr/share/texlive/texmf-dist/tex/generic/kvdefinekeys/kvdefinekeys.sty
Package: kvdefinekeys 2019-12-19 v1.6 Define keys (HO)
)
(/usr/share/texlive/texmf-dist/tex/generic/pdfescape/pdfescape.sty
Package: pdfescape 2019/12/09 v1.15 Implements pdfTeX's escape features (HO)
)
(/usr/share/texlive/texmf-dist/tex/latex/hycolor/hycolor.sty
Package: hycolor 2020-01-27 v1.10 Color options for hyperref/bookmark (HO)
)
(/usr/share/texlive/texmf-dist/tex/latex/letltxmacro/letltxmacro.sty
Package: letltxmacro 2019/12/03 v1.6 Let assignment for LaTeX macros (HO)
)
(/usr/share/texlive/texmf-dist/tex/latex/auxhook/auxhook.sty
Package: auxhook 2019-12-17 v1.6 Hooks for auxiliary files (HO)
)
(/usr/share/texlive/texmf-dist/tex/latex/kvoptions/kvoptions.sty
Package: kvoptions 2019/11/29 v3.13 Key value format for package options (HO)
)
\@linkdim=\dimen168
\Hy@linkcounter=\count270
\Hy@pagecounter=\count271

(/usr/share/texlive/texmf-dist/tex/latex/hyperref/pd1enc.def
File: pd1enc.def 2020/01/14 v7.00d Hyperref: PDFDocEncoding definition (HO)
Now handling font encoding PD1 ...
... no UTF-8 mapping file for font encoding PD1
)
(/usr/share/texlive/texmf-dist/tex/generic/intcalc/intcalc.sty
Package: intcalc 2019/12/15 v1.3 Expandable calculations with integers (HO)
)
(/usr/share/texlive/texmf-dist/tex/generic/etexcmds/etexcmds.sty
Package: etexcmds 2019/12/15 v1.7 Avoid name clashes with e-TeX commands (HO)
)
\Hy@SavedSpaceFactor=\count272
\pdfmajorversion=\count273
Package hyperref Info: Hyper figures OFF on input line 4547.
Package hyperref Info: Link nesting OFF on input line 4552.
Package hyperref Info: Hyper index ON on input line 4555.
Package hyperref Info: Plain pages OFF on input line 4562.
Package hyperref Info: Backreferencing OFF on input line 4567.
Package hyperref Info: Implicit mode ON; LaTeX internals redefined.
Package hyperref Info: Bookmarks ON on input line 4800.
\c@Hy@tempcnt=\count274

(/usr/share/texlive/texmf-dist/tex/latex/url/url.sty
\Urlmuskip=\muskip17
Package: url 2013/09/16  ver 3.4  Verb mode for urls, etc.
)
LaTeX Info: Redefining \url on input line 5159.
\XeTeXLinkMargin=\dimen169

(/usr/share/texlive/texmf-dist/tex/generic/bitset/bitset.sty
Package: bitset 2019/12/09 v1.3 Handle bit-vector datatype (HO)

(/usr/share/texlive/texmf-dist/tex/generic/bigintcalc/bigintcalc.sty
Package: bigintcalc 2019/12/15 v1.5 Expandable calculations on big integers (HO
)
))
\Fld@menulength=\count275
\Field@Width=\dimen170
\Fld@charsize=\dimen171
Package hyperref Info: Hyper figures OFF on input line 6430.
Package hyperref Info: Link nesting OFF on input line 6435.
Package hyperref Info: Hyper index ON on input line 6438.
Package hyperref Info: backreferencing OFF on input line 6445.
Package hyperref Info: Link coloring OFF on input line 6450.
Package hyperref Info: Link coloring with OCG OFF on input line 6455.
Package hyperref Info: PDF/A mode OFF on input line 6460.
LaTeX Info: Redefining \ref on input line 6500.
LaTeX Info: Redefining \pageref on input line 6504.

(/usr/share/texlive/texmf-dist/tex/generic/atbegshi/atbegshi.sty
Package: atbegshi 2019/12/05 v1.19 At begin shipout hook (HO)
)
\Hy@abspage=\count276
\c@Item=\count277
\c@Hfootnote=\count278
)
Package hyperref Info: Driver (autodetected): hpdftex.

(/usr/share/texlive/texmf-dist/tex/latex/hyperref/hpdftex.def
File: hpdftex.def 2020/01/14 v7.00d Hyperref driver for pdfTeX

(/usr/share/texlive/texmf-dist/tex/latex/atveryend/atveryend.sty
Package: atveryend 2019-12-11 v1.11 Hooks at the very end of document (HO)
Package atveryend Info: \enddocument detected (standard20110627).
)
\Fld@listcount=\count279
\c@bookmark@seq@number=\count280

(/usr/share/texlive/texmf-dist/tex/latex/rerunfilecheck/rerunfilecheck.sty
Package: rerunfilecheck 2019/12/05 v1.9 Rerun checks for auxiliary files (HO)

(/usr/share/texlive/texmf-dist/tex/generic/uniquecounter/uniquecounter.sty
Package: uniquecounter 2019/12/15 v1.4 Provide unlimited unique counter (HO)
)
Package uniquecounter Info: New unique counter `rerunfilecheck' on input line 2
86.
)
\Hy@SectionHShift=\skip61
)
(/usr/share/texlive/texmf-dist/tex/latex/pdfpages/pdfpages.sty
Package: pdfpages 2020/01/28 v0.5q Insert pages of external PDF documents (AM)

(/usr/share/texlive/texmf-dist/tex/latex/tools/calc.sty
Package: calc 2017/05/25 v4.3 Infix arithmetic (KKT,FJ)
\calc@Acount=\count281
\calc@Bcount=\count282
\calc@Adimen=\dimen172
\calc@Bdimen=\dimen173
\calc@Askip=\skip62
\calc@Bskip=\skip63
LaTeX Info: Redefining \setlength on input line 80.
LaTeX Info: Redefining \addtolength on input line 81.
\calc@Ccount=\count283
\calc@Cskip=\skip64
)
(/usr/share/texlive/texmf-dist/tex/latex/eso-pic/eso-pic.sty
Package: eso-pic 2018/04/12 v2.0h eso-pic (RN)
)
\AM@pagewidth=\dimen174
\AM@pageheight=\dimen175

(/usr/share/texlive/texmf-dist/tex/latex/pdfpages/pppdftex.def
File: pppdftex.def 2020/01/28 v0.5q Pdfpages driver for pdfTeX (AM)
)
\AM@pagebox=\box49
\AM@global@opts=\toks42
\AM@pagecnt=\count284
\AM@toc@title=\toks43
\c@AM@survey=\count285
\AM@templatesizebox=\box50
)

Package hyperref Warning: Option `bookmarks' has already been used,
(hyperref)                setting the option has no effect on input line 74.

Package hyperref Info: Option `unicode' set `false' on input line 74.

Package hyperref Warning: Token not allowed in a PDF string (PDFDocEncoding):
(hyperref)                removing `\\' on input line 74.

Package hyperref Info: Option `pdfnewwindow' set `true' on input line 74.
Package hyperref Info: Option `colorlinks' set `true' on input line 74.
(/usr/share/texlive/texmf-dist/tex/latex/l3backend/l3backend-pdfmode.def
File: l3backend-pdfmode.def 2020-02-03 L3 backend support: PDF mode
\l__kernel_color_stack_int=\count286
\l__pdf_internal_box=\box51
)
(./diploma.aux (./titlepage.aux) (./project.aux) (./cpt1_bevezeto.aux)
(./cpt2_fpga_interface.aux) (./cpt3_fejlesztes_fpga.aux) (./cpt4_teszteles.aux

LaTeX Warning: Label `fig:HVSpaces' multiply defined.


LaTeX Warning: Label `tab:SysClocks' multiply defined.


LaTeX Warning: Label `tab:TabularExample' multiply defined.


LaTeX Warning: Label `listing:Example' multiply defined.


LaTeX Warning: Label `sect:HowtoReference' multiply defined.


LaTeX Warning: Label `listing:Bibtex' multiply defined.

) (./appendices.aux))
\openout1 = `diploma.aux'.

LaTeX Font Info:    Checking defaults for OML/cmm/m/it on input line 143.
LaTeX Font Info:    ... okay on input line 143.
LaTeX Font Info:    Checking defaults for OMS/cmsy/m/n on input line 143.
LaTeX Font Info:    ... okay on input line 143.
LaTeX Font Info:    Checking defaults for OT1/cmr/m/n on input line 143.
LaTeX Font Info:    ... okay on input line 143.
LaTeX Font Info:    Checking defaults for T1/cmr/m/n on input line 143.
LaTeX Font Info:    ... okay on input line 143.
LaTeX Font Info:    Checking defaults for TS1/cmr/m/n on input line 143.
LaTeX Font Info:    ... okay on input line 143.
LaTeX Font Info:    Checking defaults for OMX/cmex/m/n on input line 143.
LaTeX Font Info:    ... okay on input line 143.
LaTeX Font Info:    Checking defaults for U/cmr/m/n on input line 143.
LaTeX Font Info:    ... okay on input line 143.
LaTeX Font Info:    Checking defaults for PD1/pdf/m/n on input line 143.
LaTeX Font Info:    ... okay on input line 143.

(/usr/share/texlive/texmf-dist/tex/context/base/mkii/supp-pdf.mkii
[Loading MPS to PDF converter (version 2006.09.02).]
\scratchcounter=\count287
\scratchdimen=\dimen176
\scratchbox=\box52
\nofMPsegments=\count288
\nofMParguments=\count289
\everyMPshowfont=\toks44
\MPscratchCnt=\count290
\MPscratchDim=\dimen177
\MPnumerator=\count291
\makeMPintoPDFobject=\count292
\everyMPtoPDFconversion=\toks45
) (/usr/share/texlive/texmf-dist/tex/latex/epstopdf-pkg/epstopdf-base.sty
Package: epstopdf-base 2020-01-24 v2.11 Base part for package epstopdf
Package epstopdf-base Info: Redefining graphics rule for `.eps' on input line 4
85.

(/usr/share/texlive/texmf-dist/tex/latex/latexconfig/epstopdf-sys.cfg
File: epstopdf-sys.cfg 2010/07/13 v1.3 Configuration of (r)epstopdf for TeX Liv
e
))
\c@lstlisting=\count293
Package lastpage Info: Please have a look at the pageslts package at
(lastpage)             https://www.ctan.org/pkg/pageslts
(lastpage)             ! on input line 143.


LaTeX Warning: Please use \usepackage[latin2]{inputenc} with
               \usepackage[magyar]{babel}.

Package caption Info: Begin \AtBeginDocument code.
Package caption Info: hyperref package is loaded.
Package caption Info: End \AtBeginDocument code.
\AtBeginShipoutBox=\box53
Package hyperref Info: Link coloring ON on input line 143.
(/usr/share/texlive/texmf-dist/tex/latex/hyperref/nameref.sty
Package: nameref 2019/09/16 v2.46 Cross-referencing by name of section

(/usr/share/texlive/texmf-dist/tex/latex/refcount/refcount.sty
Package: refcount 2019/12/15 v3.6 Data extraction from label references (HO)
)
(/usr/share/texlive/texmf-dist/tex/generic/gettitlestring/gettitlestring.sty
Package: gettitlestring 2019/12/15 v1.6 Cleanup title references (HO)
)
\c@section@level=\count294
)
LaTeX Info: Redefining \ref on input line 143.
LaTeX Info: Redefining \pageref on input line 143.
LaTeX Info: Redefining \nameref on input line 143.

(./diploma.out) (./diploma.out)
\@outlinefile=\write3
\openout3 = `diploma.out'.


(/usr/share/texlive/texmf-dist/tex/latex/pdflscape/pdflscape.sty
Package: pdflscape 2019/12/05 v0.12 Display of landscape pages in PDF (HO)

(/usr/share/texlive/texmf-dist/tex/latex/graphics/lscape.sty
Package: lscape 2000/10/22 v3.01 Landscape Pages (DPC)
)
Package pdflscape Info: Auto-detected driver: pdftex on input line 81.
)
(/usr/share/texlive/texmf-dist/tex/latex/base/report.cls
LaTeX Info: Redefining \cal on input line 577.
LaTeX Info: Redefining \mit on input line 578.
)
\openout2 = `titlepage.aux'.

 (./titlepage.tex
<figures/BMElogo.png, id=135, 975.645pt x 273.02pt>
File: figures/BMElogo.png Graphic file (type png)
<use figures/BMElogo.png>
Package pdftex.def Info: figures/BMElogo.png  used on input line 6.
(pdftex.def)             Requested size: 170.71652pt x 47.77087pt.
LaTeX Font Info:    Trying to load font information for U+msa on input line 17.


(/usr/share/texlive/texmf-dist/tex/latex/amsfonts/umsa.fd
File: umsa.fd 2013/01/14 v3.01 AMS symbols A
)
LaTeX Font Info:    Trying to load font information for U+msb on input line 17.


(/usr/share/texlive/texmf-dist/tex/latex/amsfonts/umsb.fd
File: umsb.fd 2013/01/14 v3.01 AMS symbols B
) [1



{/var/lib/texmf/fonts/map/pdftex/updmap/pdftex.map} <./figures/BMElogo.png>])
\openout2 = `project.aux'.

 (./project.tex)pdfTeX warning (ext4): destination with the same identifier (na
me{page.1}) has been already used, duplicate ignored
<to be read again> 
                   \relax 
l.149 \include{project}
                        [1



] (./diploma.toc [2




pdfTeX warning: /usr/bin/pdflatex: pop empty color page stack 0
])
\tf@toc=\write4
\openout4 = `diploma.toc'.

 [3]
\openout2 = `cpt1_bevezeto.aux'.

 (./cpt1_bevezeto.tex
1. fejezet.

Package hyperref Warning: Glyph not defined in PD1 encoding,
(hyperref)                removing `\H' on input line 2.


Underfull \hbox (badness 10000) in paragraph at lines 13--19

 []


Underfull \hbox (badness 10000) in paragraph at lines 24--25

 []


LaTeX Warning: Citation `iecwiki' on page 4 undefined on input line 27.


Underfull \hbox (badness 10000) in paragraph at lines 47--48

 []

[4


]
Underfull \hbox (badness 10000) in paragraph at lines 52--53

 []


Underfull \hbox (badness 10000) in paragraph at lines 54--55

 []


Underfull \hbox (badness 10000) in paragraph at lines 110--111

 []

[5]) [6]
\openout2 = `cpt2_fpga_interface.aux'.

 (./cpt2_fpga_interface.tex
2. fejezet.

Package hyperref Warning: Glyph not defined in PD1 encoding,
(hyperref)                removing `\H' on input line 4.

) [7



]
\openout2 = `cpt3_fejlesztes_fpga.aux'.

 (./cpt3_fejlesztes_fpga.tex
3. fejezet.
LaTeX Font Info:    Trying to load font information for T1+cmtt on input line 2
2.
(/usr/share/texlive/texmf-dist/tex/latex/base/t1cmtt.fd
File: t1cmtt.fd 2019/12/16 v2.5j Standard LaTeX font definitions
) [8



]

LaTeX Warning: Reference `sect:LatexTools' on page 9 undefined on input line 40
.


LaTeX Warning: Reference `fig:TexnicCenter' on page 9 undefined on input line 4
0.

<figures/TeXnicCenter.png, id=228, 847.66687pt x 520.19344pt>
File: figures/TeXnicCenter.png Graphic file (type png)
<use figures/TeXnicCenter.png>
Package pdftex.def Info: figures/TeXnicCenter.png  used on input line 44.
(pdftex.def)             Requested size: 190.63345pt x 116.9829pt.
File: figures/TeXnicCenter.png Graphic file (type png)
<use figures/TeXnicCenter.png>
Package pdftex.def Info: figures/TeXnicCenter.png  used on input line 45.
(pdftex.def)             Requested size: 190.63345pt x 116.9829pt.
File: figures/TeXnicCenter.png Graphic file (type png)
<use figures/TeXnicCenter.png>
Package pdftex.def Info: figures/TeXnicCenter.png  used on input line 46.
(pdftex.def)             Requested size: 190.63345pt x 116.9829pt.
File: figures/TeXnicCenter.png Graphic file (type png)
<use figures/TeXnicCenter.png>
Package pdftex.def Info: figures/TeXnicCenter.png  used on input line 47.
(pdftex.def)             Requested size: 190.63345pt x 116.9829pt.
[9 <./figures/TeXnicCenter.png (PNG copy)>]
Overfull \hbox (1.5079pt too wide) in paragraph at lines 97--98
[][][][][][][][][][][][][][][][][][][][][][][][][][][][][][][][][] 
 []

[10]
Overfull \hbox (2.29582pt too wide) in paragraph at lines 133--140
[][][]$\T1/cmtt/m/n/10.95 http : / / www . ctan . org / tex-[]archive / info / 
symbols / comprehensive / symbols-[]a4 . pdf$[][]\T1/cmr/m/n/10.95 , 
 []

[11] [12]

LaTeX Warning: Citation `Wettl04' on page 13 undefined on input line 215.


LaTeX Warning: Citation `Candy86' on page 13 undefined on input line 215.


LaTeX Warning: Citation `Lee87' on page 13 undefined on input line 215.


LaTeX Warning: Citation `KissPhD' on page 13 undefined on input line 215.


LaTeX Warning: Citation `Schreier00' on page 13 undefined on input line 215.


LaTeX Warning: Citation `DipPortal' on page 13 undefined on input line 215.


Overfull \hbox (8.00322pt too wide) in paragraph at lines 217--218
\T1/cmr/m/n/10.95 for-dul egy olyan do-ku-men-tum-ban, ami nem tar-tal-maz-za a
 [][]\T1/cmtt/m/n/10.95 \usepackage[latin2]{inputenc}
 []

[13] [14] [15]) [16]
\openout2 = `cpt4_teszteles.aux'.

 (./cpt4_teszteles.tex
4. fejezet.
[17



]
Overfull \hbox (2.40677pt too wide) in paragraph at lines 31--32
\T1/cmr/m/n/10.95 Draw) és on-nan na-gyobb fel-bon-tás-sal rasz-teri-zál-va ki-
ment-ha-t®k PNG for-má-tum-ban. Ugyan-
 []

[18]

LaTeX Warning: Reference `sect:LatexTools' on page 19 undefined on input line 5
4.


LaTeX Warning: Reference `fig:TexnicCenter' on page 19 undefined on input line 
54.

File: figures/TeXnicCenter.png Graphic file (type png)
<use figures/TeXnicCenter.png>
Package pdftex.def Info: figures/TeXnicCenter.png  used on input line 58.
(pdftex.def)             Requested size: 190.63345pt x 116.9829pt.
File: figures/TeXnicCenter.png Graphic file (type png)
<use figures/TeXnicCenter.png>
Package pdftex.def Info: figures/TeXnicCenter.png  used on input line 59.
(pdftex.def)             Requested size: 190.63345pt x 116.9829pt.
File: figures/TeXnicCenter.png Graphic file (type png)
<use figures/TeXnicCenter.png>
Package pdftex.def Info: figures/TeXnicCenter.png  used on input line 60.
(pdftex.def)             Requested size: 190.63345pt x 116.9829pt.
File: figures/TeXnicCenter.png Graphic file (type png)
<use figures/TeXnicCenter.png>
Package pdftex.def Info: figures/TeXnicCenter.png  used on input line 61.
(pdftex.def)             Requested size: 190.63345pt x 116.9829pt.
[19]
Overfull \hbox (1.5079pt too wide) in paragraph at lines 111--112
[][][][][][][][][][][][][][][][][][][][][][][][][][][][][][][][][] 
 []

[20]
Overfull \hbox (2.29582pt too wide) in paragraph at lines 147--154
[][][]$\T1/cmtt/m/n/10.95 http : / / www . ctan . org / tex-[]archive / info / 
symbols / comprehensive / symbols-[]a4 . pdf$[][]\T1/cmr/m/n/10.95 , 
 []

[21]

LaTeX Warning: Citation `Wettl04' on page 22 undefined on input line 229.


LaTeX Warning: Citation `Candy86' on page 22 undefined on input line 229.


LaTeX Warning: Citation `Lee87' on page 22 undefined on input line 229.


LaTeX Warning: Citation `KissPhD' on page 22 undefined on input line 229.


LaTeX Warning: Citation `Schreier00' on page 22 undefined on input line 229.


LaTeX Warning: Citation `DipPortal' on page 22 undefined on input line 229.


Overfull \hbox (8.00322pt too wide) in paragraph at lines 231--232
\T1/cmr/m/n/10.95 for-dul egy olyan do-ku-men-tum-ban, ami nem tar-tal-maz-za a
 [][]\T1/cmtt/m/n/10.95 \usepackage[latin2]{inputenc}
 []

[22] [23] [24]) [25]
No file diploma.bbl.
\openout2 = `appendices.aux'.

(./appendices.tex

pdfTeX warning: /usr/bin/pdflatex (file ./appendices/1581_schematic.pdf): PDF i
nclusion: found PDF version <1.6>, but at most version <1.5> allowed
<appendices/1581_schematic.pdf, id=574, 1256.4943pt x 787.74304pt>
File: appendices/1581_schematic.pdf Graphic file (type pdf)
<use appendices/1581_schematic.pdf>
Package pdftex.def Info: appendices/1581_schematic.pdf  used on input line 14.
(pdftex.def)             Requested size: 1256.49123pt x 787.7411pt.


pdfTeX warning: /usr/bin/pdflatex (file ./appendices/1581_schematic.pdf): PDF i
nclusion: found PDF version <1.6>, but at most version <1.5> allowed
File: appendices/1581_schematic.pdf Graphic file (type pdf)
<use appendices/1581_schematic.pdf>
Package pdftex.def Info: appendices/1581_schematic.pdf  used on input line 14.
(pdftex.def)             Requested size: 1256.49123pt x 787.7411pt.


pdfTeX warning: /usr/bin/pdflatex (file ./appendices/1581_schematic.pdf): PDF i
nclusion: found PDF version <1.6>, but at most version <1.5> allowed


pdfTeX warning: /usr/bin/pdflatex (file ./appendices/1581_schematic.pdf): PDF i
nclusion: found PDF version <1.6>, but at most version <1.5> allowed
<appendices/1581_schematic.pdf, id=577, page=1, 1256.4943pt x 787.74304pt>
File: appendices/1581_schematic.pdf Graphic file (type pdf)
<use appendices/1581_schematic.pdf, page 1>
Package pdftex.def Info: appendices/1581_schematic.pdf , page1 used on input li
ne 14.
(pdftex.def)             Requested size: 1256.49123pt x 787.7411pt.
File: appendices/1581_schematic.pdf Graphic file (type pdf)
<use appendices/1581_schematic.pdf, page 1>
Package pdftex.def Info: appendices/1581_schematic.pdf , page1 used on input li
ne 14.
(pdftex.def)             Requested size: 1256.49123pt x 787.7411pt.
[26



]
File: appendices/1581_schematic.pdf Graphic file (type pdf)
<use appendices/1581_schematic.pdf, page 1>
Package pdftex.def Info: appendices/1581_schematic.pdf , page1 used on input li
ne 14.
(pdftex.def)             Requested size: 1256.49123pt x 787.7411pt.
File: appendices/1581_schematic.pdf Graphic file (type pdf)
<use appendices/1581_schematic.pdf, page 1>
Package pdftex.def Info: appendices/1581_schematic.pdf , page1 used on input li
ne 14.
(pdftex.def)             Requested size: 1256.49123pt x 787.7411pt.
File: appendices/1581_schematic.pdf Graphic file (type pdf)
<use appendices/1581_schematic.pdf, page 1>
Package pdftex.def Info: appendices/1581_schematic.pdf , page1 used on input li
ne 14.
(pdftex.def)             Requested size: 1256.49123pt x 787.7411pt.
 [27 <./appendices/1581_schematic.pdf, page is rotated 90 degrees>]

pdfTeX warning: /usr/bin/pdflatex (file ./appendices/1581_schematic.pdf): PDF i
nclusion: found PDF version <1.6>, but at most version <1.5> allowed
<appendices/1581_schematic.pdf, id=599, page=2, 1254.4868pt x 788.7468pt>
File: appendices/1581_schematic.pdf Graphic file (type pdf)
<use appendices/1581_schematic.pdf, page 2>
Package pdftex.def Info: appendices/1581_schematic.pdf , page2 used on input li
ne 14.
(pdftex.def)             Requested size: 1254.48375pt x 788.74487pt.
File: appendices/1581_schematic.pdf Graphic file (type pdf)
<use appendices/1581_schematic.pdf, page 2>
Package pdftex.def Info: appendices/1581_schematic.pdf , page2 used on input li
ne 14.
(pdftex.def)             Requested size: 1254.48375pt x 788.74487pt.
File: appendices/1581_schematic.pdf Graphic file (type pdf)
<use appendices/1581_schematic.pdf, page 2>
Package pdftex.def Info: appendices/1581_schematic.pdf , page2 used on input li
ne 14.
(pdftex.def)             Requested size: 1254.48375pt x 788.74487pt.
[28 <./appendices/1581_schematic.pdf, page is rotated 90 degrees>]

pdfTeX warning: /usr/bin/pdflatex (file ./appendices/1581_schematic.pdf): PDF i
nclusion: found PDF version <1.6>, but at most version <1.5> allowed
<appendices/1581_schematic.pdf, id=615, page=3, 1256.4943pt x 785.73555pt>
File: appendices/1581_schematic.pdf Graphic file (type pdf)
<use appendices/1581_schematic.pdf, page 3>
Package pdftex.def Info: appendices/1581_schematic.pdf , page3 used on input li
ne 14.
(pdftex.def)             Requested size: 1256.49123pt x 785.73363pt.
File: appendices/1581_schematic.pdf Graphic file (type pdf)
<use appendices/1581_schematic.pdf, page 3>
Package pdftex.def Info: appendices/1581_schematic.pdf , page3 used on input li
ne 14.
(pdftex.def)             Requested size: 1256.49123pt x 785.73363pt.
File: appendices/1581_schematic.pdf Graphic file (type pdf)
<use appendices/1581_schematic.pdf, page 3>
Package pdftex.def Info: appendices/1581_schematic.pdf , page3 used on input li
ne 14.
(pdftex.def)             Requested size: 1256.49123pt x 785.73363pt.
[29 <./appendices/1581_schematic.pdf, page is rotated 90 degrees>]

pdfTeX warning: /usr/bin/pdflatex (file ./appendices/1581_schematic.pdf): PDF i
nclusion: found PDF version <1.6>, but at most version <1.5> allowed
<appendices/1581_schematic.pdf, id=621, page=4, 1254.4868pt x 792.7618pt>
File: appendices/1581_schematic.pdf Graphic file (type pdf)
<use appendices/1581_schematic.pdf, page 4>
Package pdftex.def Info: appendices/1581_schematic.pdf , page4 used on input li
ne 14.
(pdftex.def)             Requested size: 1254.48375pt x 792.75986pt.
File: appendices/1581_schematic.pdf Graphic file (type pdf)
<use appendices/1581_schematic.pdf, page 4>
Package pdftex.def Info: appendices/1581_schematic.pdf , page4 used on input li
ne 14.
(pdftex.def)             Requested size: 1254.48375pt x 792.75986pt.
File: appendices/1581_schematic.pdf Graphic file (type pdf)
<use appendices/1581_schematic.pdf, page 4>
Package pdftex.def Info: appendices/1581_schematic.pdf , page4 used on input li
ne 14.
(pdftex.def)             Requested size: 1254.48375pt x 792.75986pt.
[30 <./appendices/1581_schematic.pdf, page is rotated 90 degrees>]
<appendices/interface_board.pdf, id=635, 845.04686pt x 597.50786pt>
File: appendices/interface_board.pdf Graphic file (type pdf)
<use appendices/interface_board.pdf>
Package pdftex.def Info: appendices/interface_board.pdf  used on input line 17.

(pdftex.def)             Requested size: 845.0448pt x 597.5064pt.
File: appendices/interface_board.pdf Graphic file (type pdf)
<use appendices/interface_board.pdf>
Package pdftex.def Info: appendices/interface_board.pdf  used on input line 17.

(pdftex.def)             Requested size: 845.0448pt x 597.5064pt.
<appendices/interface_board.pdf, id=638, page=1, 845.04686pt x 597.50786pt>
File: appendices/interface_board.pdf Graphic file (type pdf)
<use appendices/interface_board.pdf, page 1>
Package pdftex.def Info: appendices/interface_board.pdf , page1 used on input l
ine 17.
(pdftex.def)             Requested size: 845.0448pt x 597.5064pt.
File: appendices/interface_board.pdf Graphic file (type pdf)
<use appendices/interface_board.pdf, page 1>
Package pdftex.def Info: appendices/interface_board.pdf , page1 used on input l
ine 17.
(pdftex.def)             Requested size: 845.0448pt x 597.5064pt.
 [31]
File: appendices/interface_board.pdf Graphic file (type pdf)
<use appendices/interface_board.pdf, page 1>
Package pdftex.def Info: appendices/interface_board.pdf , page1 used on input l
ine 17.
(pdftex.def)             Requested size: 845.0448pt x 597.5064pt.
File: appendices/interface_board.pdf Graphic file (type pdf)
<use appendices/interface_board.pdf, page 1>
Package pdftex.def Info: appendices/interface_board.pdf , page1 used on input l
ine 17.
(pdftex.def)             Requested size: 845.0448pt x 597.5064pt.
File: appendices/interface_board.pdf Graphic file (type pdf)
<use appendices/interface_board.pdf, page 1>
Package pdftex.def Info: appendices/interface_board.pdf , page1 used on input l
ine 17.
(pdftex.def)             Requested size: 845.0448pt x 597.5064pt.

[32 <./appendices/interface_board.pdf>]
<appendices/interface_board.pdf, id=674, page=2, 845.04686pt x 597.50786pt>
File: appendices/interface_board.pdf Graphic file (type pdf)
<use appendices/interface_board.pdf, page 2>
Package pdftex.def Info: appendices/interface_board.pdf , page2 used on input l
ine 17.
(pdftex.def)             Requested size: 845.0448pt x 597.5064pt.
File: appendices/interface_board.pdf Graphic file (type pdf)
<use appendices/interface_board.pdf, page 2>
Package pdftex.def Info: appendices/interface_board.pdf , page2 used on input l
ine 17.
(pdftex.def)             Requested size: 845.0448pt x 597.5064pt.
File: appendices/interface_board.pdf Graphic file (type pdf)
<use appendices/interface_board.pdf, page 2>
Package pdftex.def Info: appendices/interface_board.pdf , page2 used on input l
ine 17.
(pdftex.def)             Requested size: 845.0448pt x 597.5064pt.
 [33 <./appendices/interface_board.pdf>]
<appendices/interface_board.pdf, id=680, page=3, 845.04686pt x 597.50786pt>
File: appendices/interface_board.pdf Graphic file (type pdf)
<use appendices/interface_board.pdf, page 3>
Package pdftex.def Info: appendices/interface_board.pdf , page3 used on input l
ine 17.
(pdftex.def)             Requested size: 845.0448pt x 597.5064pt.
File: appendices/interface_board.pdf Graphic file (type pdf)
<use appendices/interface_board.pdf, page 3>
Package pdftex.def Info: appendices/interface_board.pdf , page3 used on input l
ine 17.
(pdftex.def)             Requested size: 845.0448pt x 597.5064pt.
File: appendices/interface_board.pdf Graphic file (type pdf)
<use appendices/interface_board.pdf, page 3>
Package pdftex.def Info: appendices/interface_board.pdf , page3 used on input l
ine 17.
(pdftex.def)             Requested size: 845.0448pt x 597.5064pt.
[34 <./appendices/interface_board.pdf>]
<appendices/pcb.pdf, id=686, 845.04686pt x 597.50786pt>
File: appendices/pcb.pdf Graphic file (type pdf)
<use appendices/pcb.pdf>
Package pdftex.def Info: appendices/pcb.pdf  used on input line 19.
(pdftex.def)             Requested size: 845.0448pt x 597.5064pt.
File: appendices/pcb.pdf Graphic file (type pdf)
<use appendices/pcb.pdf>
Package pdftex.def Info: appendices/pcb.pdf  used on input line 19.
(pdftex.def)             Requested size: 845.0448pt x 597.5064pt.
<appendices/pcb.pdf, id=689, page=1, 845.04686pt x 597.50786pt>
File: appendices/pcb.pdf Graphic file (type pdf)
<use appendices/pcb.pdf, page 1>
Package pdftex.def Info: appendices/pcb.pdf , page1 used on input line 19.
(pdftex.def)             Requested size: 845.0448pt x 597.5064pt.
File: appendices/pcb.pdf Graphic file (type pdf)
<use appendices/pcb.pdf, page 1>
Package pdftex.def Info: appendices/pcb.pdf , page1 used on input line 19.
(pdftex.def)             Requested size: 676.0384pt x 478.00693pt.
File: appendices/pcb.pdf Graphic file (type pdf)
<use appendices/pcb.pdf, page 1>
Package pdftex.def Info: appendices/pcb.pdf , page1 used on input line 19.
(pdftex.def)             Requested size: 676.0384pt x 478.00693pt.
File: appendices/pcb.pdf Graphic file (type pdf)
<use appendices/pcb.pdf, page 1>
Package pdftex.def Info: appendices/pcb.pdf , page1 used on input line 19.
(pdftex.def)             Requested size: 676.0384pt x 478.00693pt.
<appendices/pcb.pdf, id=690, page=2, 845.0471pt x 597.50829pt>
File: appendices/pcb.pdf Graphic file (type pdf)
<use appendices/pcb.pdf, page 2>
Package pdftex.def Info: appendices/pcb.pdf , page2 used on input line 19.
(pdftex.def)             Requested size: 676.0386pt x 478.00728pt.
File: appendices/pcb.pdf Graphic file (type pdf)
<use appendices/pcb.pdf, page 2>
Package pdftex.def Info: appendices/pcb.pdf , page2 used on input line 19.
(pdftex.def)             Requested size: 676.0386pt x 478.00728pt.
File: appendices/pcb.pdf Graphic file (type pdf)
<use appendices/pcb.pdf, page 1>
Package pdftex.def Info: appendices/pcb.pdf , page1 used on input line 19.
(pdftex.def)             Requested size: 676.0384pt x 478.00693pt.
File: appendices/pcb.pdf Graphic file (type pdf)
<use appendices/pcb.pdf, page 2>
Package pdftex.def Info: appendices/pcb.pdf , page2 used on input line 19.
(pdftex.def)             Requested size: 676.0386pt x 478.00728pt.
 [35 <./appendices/pcb.pdf> <./appendices/pcb.pdf

pdfTeX warning: /usr/bin/pdflatex (file ./appendices/pcb.pdf): PDF inclusion: m
ultiple pdfs with page group included in a single page
>])
\tf@thm=\write5
\openout5 = `diploma.thm'.

 
AED: lastpage setting LastPage
Package atveryend Info: Empty hook `BeforeClearDocument' on input line 166.
Package atveryend Info: Empty hook `AfterLastShipout' on input line 166.
(./diploma.aux (./titlepage.aux) (./project.aux) (./cpt1_bevezeto.aux)
(./cpt2_fpga_interface.aux) (./cpt3_fejlesztes_fpga.aux) (./cpt4_teszteles.aux)
(./appendices.aux))
Package atveryend Info: Executing hook `AtVeryEndDocument' on input line 166.
Package atveryend Info: Executing hook `AtEndAfterFileList' on input line 166.
Package rerunfilecheck Info: File `diploma.out' has not changed.
(rerunfilecheck)             Checksum: A28EAE514500ABFD70C69E86B697AE62;2323.


LaTeX Warning: There were undefined references.


LaTeX Warning: There were multiply-defined labels.

Package atveryend Info: Empty hook `AtVeryVeryEnd' on input line 166.
 ) 
Here is how much of TeX's memory you used:
 12295 strings out of 481239
 188074 string characters out of 5920378
 514835 words of memory out of 5000000
 26951 multiletter control sequences out of 15000+600000
 558121 words of font info for 81 fonts, out of 8000000 for 9000
 1141 hyphenation exceptions out of 8191
 46i,20n,55p,1459b,1189s stack positions out of 5000i,500n,10000p,200000b,80000s
{/usr/share/texmf/fonts/enc/dvips/cm-super/cm-super-t1.enc}{/usr/share/texmf/
fonts/enc/dvips/cm-super/cm-super-ts1.enc}</usr/share/texlive/texmf-dist/fonts/
type1/public/amsfonts/cm/cmbx10.pfb></usr/share/texlive/texmf-dist/fonts/type1/
public/amsfonts/cm/cmex10.pfb></usr/share/texlive/texmf-dist/fonts/type1/public
/amsfonts/cm/cmmi10.pfb></usr/share/texlive/texmf-dist/fonts/type1/public/amsfo
nts/cm/cmmi8.pfb></usr/share/texlive/texmf-dist/fonts/type1/public/amsfonts/cm/
cmr10.pfb></usr/share/texlive/texmf-dist/fonts/type1/public/amsfonts/cm/cmr8.pf
b></usr/share/texlive/texmf-dist/fonts/type1/public/amsfonts/cm/cmsy10.pfb></us
r/share/texlive/texmf-dist/fonts/type1/public/amsfonts/cm/cmsy8.pfb></usr/share
/texmf/fonts/type1/public/cm-super/sfbx1000.pfb></usr/share/texmf/fonts/type1/p
ublic/cm-super/sfbx1095.pfb></usr/share/texmf/fonts/type1/public/cm-super/sfbx1
200.pfb></usr/share/texmf/fonts/type1/public/cm-super/sfbx2074.pfb></usr/share/
texmf/fonts/type1/public/cm-super/sfbx2488.pfb></usr/share/texmf/fonts/type1/pu
blic/cm-super/sfcc1440.pfb></usr/share/texmf/fonts/type1/public/cm-super/sfrm06
00.pfb></usr/share/texmf/fonts/type1/public/cm-super/sfrm0800.pfb></usr/share/t
exmf/fonts/type1/public/cm-super/sfrm0900.pfb></usr/share/texmf/fonts/type1/pub
lic/cm-super/sfrm1095.pfb></usr/share/texmf/fonts/type1/public/cm-super/sfrm120
0.pfb></usr/share/texmf/fonts/type1/public/cm-super/sfti0600.pfb></usr/share/te
xmf/fonts/type1/public/cm-super/sfti0900.pfb></usr/share/texmf/fonts/type1/publ
ic/cm-super/sfti1095.pfb></usr/share/texmf/fonts/type1/public/cm-super/sftt0800
.pfb></usr/share/texmf/fonts/type1/public/cm-super/sftt1095.pfb>
Output written on diploma.pdf (36 pages, 1215048 bytes).
PDF statistics:
 846 PDF objects out of 1000 (max. 8388607)
 736 compressed objects within 8 object streams
 310 named destinations out of 1000 (max. 500000)
 365 words of extra memory for PDF output out of 10000 (max. 10000000)

